  S00_AnimCustom.cpp
c:\users\user\desktop\온라인 수업\포트폴리오\skeletonanimator\d2d\scenes\s00_animcustom.h(51): warning C4240: 비표준 확장이 사용됨: 'S00_AnimCustom::DataSet'에 대한 액세스가 이제 'private'(으)로 정의됩니다. 이전에는 'public'(으)로 정의되었습니다.
  c:\users\user\desktop\온라인 수업\포트폴리오\skeletonanimator\d2d\scenes\s00_animcustom.h(10): note: 'S00_AnimCustom::DataSet' 선언을 참조하십시오.
c:\users\user\desktop\온라인 수업\포트폴리오\skeletonanimator\d2d\scenes\s00_animcustom.h(102): warning C4018: '<': signed 또는 unsigned가 일치하지 않습니다.
c:\users\user\desktop\온라인 수업\포트폴리오\skeletonanimator\d2d\scenes\s00_animcustom.h(104): warning C4018: '<': signed 또는 unsigned가 일치하지 않습니다.
c:\users\user\desktop\온라인 수업\포트폴리오\skeletonanimator\d2d\scenes\s00_animcustom.h(106): warning C4018: '<': signed 또는 unsigned가 일치하지 않습니다.
c:\users\user\desktop\온라인 수업\포트폴리오\skeletonanimator\d2d\objects\line.h(31): warning C4927: 변환이 잘못되었습니다. 사용자 정의 변환이 암시적으로 두 번 이상 적용되었습니다.
  c:\users\user\desktop\온라인 수업\포트폴리오\skeletonanimator\d2d\objects\line.h(31): note: 'D3DXVECTOR2::D3DXVECTOR2(const FLOAT *)' 생성자를 호출하는 동안
  c:\program files (x86)\microsoft directx sdk (june 2010)\include\d3dx10math.inl(82): note: 'D3DXVECTOR2::D3DXVECTOR2' 선언을 참조하십시오.
c:\users\user\desktop\온라인 수업\포트폴리오\skeletonanimator\d2d\scenes\s00_animcustom.cpp(93): warning C4018: '<': signed 또는 unsigned가 일치하지 않습니다.
c:\users\user\desktop\온라인 수업\포트폴리오\skeletonanimator\d2d\scenes\s00_animcustom.cpp(95): warning C4018: '<': signed 또는 unsigned가 일치하지 않습니다.
c:\users\user\desktop\온라인 수업\포트폴리오\skeletonanimator\d2d\scenes\s00_animcustom.cpp(103): warning C4018: '<': signed 또는 unsigned가 일치하지 않습니다.
c:\users\user\desktop\온라인 수업\포트폴리오\skeletonanimator\d2d\scenes\s00_animcustom.cpp(105): warning C4018: '<': signed 또는 unsigned가 일치하지 않습니다.
c:\users\user\desktop\온라인 수업\포트폴리오\skeletonanimator\d2d\scenes\s00_animcustom.cpp(107): warning C4018: '<': signed 또는 unsigned가 일치하지 않습니다.
c:\users\user\desktop\온라인 수업\포트폴리오\skeletonanimator\d2d\scenes\s00_animcustom.cpp(134): warning C4018: '<': signed 또는 unsigned가 일치하지 않습니다.
c:\users\user\desktop\온라인 수업\포트폴리오\skeletonanimator\d2d\scenes\s00_animcustom.cpp(136): warning C4018: '<': signed 또는 unsigned가 일치하지 않습니다.
c:\users\user\desktop\온라인 수업\포트폴리오\skeletonanimator\d2d\scenes\s00_animcustom.cpp(340): warning C4018: '<': signed 또는 unsigned가 일치하지 않습니다.
c:\users\user\desktop\온라인 수업\포트폴리오\skeletonanimator\d2d\scenes\s00_animcustom.cpp(358): warning C4018: '<': signed 또는 unsigned가 일치하지 않습니다.
c:\users\user\desktop\온라인 수업\포트폴리오\skeletonanimator\d2d\scenes\s00_animcustom.cpp(387): warning C4018: '<': signed 또는 unsigned가 일치하지 않습니다.
c:\users\user\desktop\온라인 수업\포트폴리오\skeletonanimator\d2d\scenes\s00_animcustom.cpp(405): warning C4018: '<': signed 또는 unsigned가 일치하지 않습니다.
c:\users\user\desktop\온라인 수업\포트폴리오\skeletonanimator\d2d\scenes\s00_animcustom.cpp(428): warning C4018: '<': signed 또는 unsigned가 일치하지 않습니다.
c:\users\user\desktop\온라인 수업\포트폴리오\skeletonanimator\d2d\scenes\s00_animcustom.cpp(446): warning C4018: '<': signed 또는 unsigned가 일치하지 않습니다.
c:\users\user\desktop\온라인 수업\포트폴리오\skeletonanimator\d2d\scenes\s00_animcustom.cpp(579): warning C4018: '<': signed 또는 unsigned가 일치하지 않습니다.
c:\users\user\desktop\온라인 수업\포트폴리오\skeletonanimator\d2d\scenes\s00_animcustom.cpp(581): warning C4018: '<': signed 또는 unsigned가 일치하지 않습니다.
c:\users\user\desktop\온라인 수업\포트폴리오\skeletonanimator\d2d\scenes\s00_animcustom.cpp(583): warning C4018: '<': signed 또는 unsigned가 일치하지 않습니다.
c:\users\user\desktop\온라인 수업\포트폴리오\skeletonanimator\d2d\scenes\s00_animcustom.cpp(734): warning C4018: '<': signed 또는 unsigned가 일치하지 않습니다.
c:\users\user\desktop\온라인 수업\포트폴리오\skeletonanimator\d2d\scenes\s00_animcustom.cpp(736): warning C4018: '<': signed 또는 unsigned가 일치하지 않습니다.
c:\users\user\desktop\온라인 수업\포트폴리오\skeletonanimator\d2d\scenes\s00_animcustom.cpp(738): warning C4018: '<': signed 또는 unsigned가 일치하지 않습니다.
c:\users\user\desktop\온라인 수업\포트폴리오\skeletonanimator\d2d\scenes\s00_animcustom.cpp(775): warning C4018: '<': signed 또는 unsigned가 일치하지 않습니다.
c:\users\user\desktop\온라인 수업\포트폴리오\skeletonanimator\d2d\scenes\s00_animcustom.cpp(800): warning C4018: '<': signed 또는 unsigned가 일치하지 않습니다.
c:\users\user\desktop\온라인 수업\포트폴리오\skeletonanimator\d2d\scenes\s00_animcustom.cpp(825): warning C4018: '<': signed 또는 unsigned가 일치하지 않습니다.
c:\users\user\desktop\온라인 수업\포트폴리오\skeletonanimator\d2d\scenes\s00_animcustom.cpp(893): warning C4018: '<': signed 또는 unsigned가 일치하지 않습니다.
c:\users\user\desktop\온라인 수업\포트폴리오\skeletonanimator\d2d\scenes\s00_animcustom.cpp(895): warning C4018: '<': signed 또는 unsigned가 일치하지 않습니다.
c:\users\user\desktop\온라인 수업\포트폴리오\skeletonanimator\d2d\scenes\s00_animcustom.cpp(897): warning C4018: '<': signed 또는 unsigned가 일치하지 않습니다.
c:\users\user\desktop\온라인 수업\포트폴리오\skeletonanimator\d2d\scenes\s00_animcustom.cpp(1041): warning C4477: 'fscanf_s' : 서식 문자열 '%d'에 'int *' 형식의 인수가 필요하지만 variadic 인수 1의 형식이 'bool *'입니다.
c:\users\user\desktop\온라인 수업\포트폴리오\skeletonanimator\d2d\scenes\s00_animcustom.cpp(1080): warning C4018: '<': signed 또는 unsigned가 일치하지 않습니다.
c:\users\user\desktop\온라인 수업\포트폴리오\skeletonanimator\d2d\scenes\s00_animcustom.cpp(1087): warning C4018: '<': signed 또는 unsigned가 일치하지 않습니다.
c:\users\user\desktop\온라인 수업\포트폴리오\skeletonanimator\d2d\scenes\s00_animcustom.cpp(1094): warning C4018: '<': signed 또는 unsigned가 일치하지 않습니다.
c:\users\user\desktop\온라인 수업\포트폴리오\skeletonanimator\d2d\scenes\s00_animcustom.cpp(1126): warning C4477: 'fscanf_s' : 서식 문자열 '%d'에 'int *' 형식의 인수가 필요하지만 variadic 인수 1의 형식이 'bool *'입니다.
c:\program files (x86)\microsoft visual studio\2017\community\vc\tools\msvc\14.16.27023\include\utility(172): warning C4244: '초기화 중': '_Ty'에서 '_Ty1'(으)로 변환하면서 데이터가 손실될 수 있습니다.
          with
          [
              _Ty=int
          ]
          and
          [
              _Ty1=float
          ]
  c:\users\user\desktop\온라인 수업\포트폴리오\skeletonanimator\d2d\scenes\s00_animcustom.cpp(932): note: 컴파일 중인 함수 템플릿 인스턴스화 'std::pair<float,Vector2>::pair<int,Vector2&,0>(_Other1 &&,_Other2) noexcept'에 대한 참조를 확인하십시오.
          with
          [
              _Other1=int,
              _Other2=Vector2 &
          ]
  c:\users\user\desktop\온라인 수업\포트폴리오\skeletonanimator\d2d\scenes\s00_animcustom.cpp(932): note: 컴파일 중인 함수 템플릿 인스턴스화 'std::pair<float,Vector2>::pair<int,Vector2&,0>(_Other1 &&,_Other2) noexcept'에 대한 참조를 확인하십시오.
          with
          [
              _Other1=int,
              _Other2=Vector2 &
          ]
  D2D.vcxproj -> C:\Users\user\Desktop\온라인 수업\포트폴리오\SkeletonAnimator\Debug\D2D.exe
